Min: 0.07195121049880981 Max: 0.8519571423530579
Min: 0.07195121049880981 Max: 0.8519571423530579
Min: 0.07195121049880981 Max: 0.8519571423530579
Min: 0.07195121049880981 Max: 0.8519571423530579
Min: 0.29549384117126465 Max: 0.7061717510223389
Min: 0.29549384117126465 Max: 0.7061717510223389
Min: 0.07778662443161011 Max: 0.842530369758606
Min: 0.07778662443161011 Max: 0.842530369758606
Min: 0.29549384117126465 Max: 0.7061717510223389
Min: 0.29549384117126465 Max: 0.7061717510223389
Min: 0.06684538722038269 Max: 0.8600529432296753
Min: 0.06684538722038269 Max: 0.8600529432296753
Min: 0.0647704005241394 Max: 0.8509489893913269
Min: 0.0647704005241394 Max: 0.8509489893913269
Min: 0.061279296875 Max: 0.84423828125
Min: 0.061279296875 Max: 0.84423828125
Min: 0.07568359375 Max: 0.84619140625
Min: 0.07568359375 Max: 0.84619140625
Min: 0.072021484375 Max: 0.8486328125
Min: 0.072021484375 Max: 0.8486328125
Min: 0.0 Max: 1.0
Min: 0.0 Max: 1.0
Min: 0.06396484375 Max: 0.886474609375
Min: 0.092041015625 Max: 0.87744140625
Min: 0.092041015625 Max: 0.87744140625
Min: 0.0 Max: 1.0
Min: 0.0 Max: 1.0
Min: 0.08965960144996643 Max: 0.8699188232421875
Min: 0.11050117015838623 Max: 0.8552626967430115
Min: 0.11050117015838623 Max: 0.8552626967430115
Min: 0.0 Max: 1.0
Min: 0.0 Max: 1.0
Min: 0.09912109375 Max: 0.91748046875
Min: 0.112548828125 Max: 0.91064453125
Min: 0.112548828125 Max: 0.91064453125
Min: 0.0 Max: 1.0
Min: 0.0 Max: 1.0
Min: 0.090576171875 Max: 0.8935546875
Min: 0.0966796875 Max: 0.8720703125
Min: 0.0966796875 Max: 0.8720703125
Min: 0.0 Max: 1.0
Min: 0.0 Max: 1.0
Min: 0.106689453125 Max: 0.8798828125
Min: 0.116455078125 Max: 0.880859375
Min: 0.0966796875 Max: 0.86962890625
Min: 0.0966796875 Max: 0.86962890625
Min: 0.0859375 Max: 0.868408203125
Min: 0.0859375 Max: 0.868408203125
Min: 0.12353515625 Max: 0.831298828125
Min: 0.12353515625 Max: 0.831298828125
Min: 0.0 Max: 1.0
Min: 0.0 Max: 1.0
Min: 0.072021484375 Max: 0.903564453125
Min: 0.082275390625 Max: 0.8876953125
Min: 0.082275390625 Max: 0.8876953125
Min: 0.0 Max: 1.0
Min: 0.0 Max: 1.0
Min: 0.106201171875 Max: 0.8369140625
Min: 0.09619140625 Max: 0.822998046875
Min: 0.09619140625 Max: 0.822998046875
Min: 0.0 Max: 1.0
Min: 0.0 Max: 1.0
Min: 0.1044921875 Max: 0.85107421875
Min: 0.107421875 Max: 0.845703125
Min: 0.107421875 Max: 0.845703125
Min: 0.0 Max: 1.0
Min: 0.0 Max: 1.0
Min: 0.099609375 Max: 0.921875
Min: 0.107666015625 Max: 0.910888671875
Min: 0.107666015625 Max: 0.910888671875
Min: 0.0 Max: 1.0
Min: 0.0 Max: 1.0
Min: 0.112548828125 Max: 0.891357421875
Min: 0.107177734375 Max: 0.874755859375
Min: 0.107177734375 Max: 0.874755859375
Min: 0.0 Max: 1.0
Min: 0.0 Max: 1.0
Min: 0.08251953125 Max: 0.91455078125
Min: 0.093017578125 Max: 0.91357421875
Min: 0.093017578125 Max: 0.91357421875
Min: 0.0 Max: 1.0
Min: 0.0 Max: 1.0
Min: 0.093994140625 Max: 0.87451171875
Min: 0.103759765625 Max: 0.86376953125
Min: 0.103759765625 Max: 0.86376953125
Min: 0.0 Max: 1.0
Min: 0.0 Max: 1.0
Min: 0.09375 Max: 0.899658203125
Min: 0.10498046875 Max: 0.898193359375
Min: 0.10498046875 Max: 0.898193359375
Min: 0.0 Max: 1.0
Min: 0.0 Max: 1.0
Min: 0.110595703125 Max: 0.892822265625
Min: 0.1171875 Max: 0.876220703125
Min: 0.1171875 Max: 0.876220703125
Min: 0.0 Max: 1.0
Min: 0.0 Max: 1.0
Min: 0.084228515625 Max: 0.882568359375
Min: 0.10791015625 Max: 0.886962890625
Min: 0.10791015625 Max: 0.886962890625
Min: 0.0 Max: 1.0
Min: 0.0 Max: 1.0
Min: 0.114990234375 Max: 0.86669921875
Min: 0.115478515625 Max: 0.869873046875
Min: 0.115478515625 Max: 0.869873046875
Min: 0.0 Max: 1.0
Min: 0.0 Max: 1.0
Min: 0.09375 Max: 0.864501953125
Min: 0.115234375 Max: 0.859375
Min: 0.115234375 Max: 0.859375
Min: 0.0 Max: 1.0
Min: 0.0 Max: 1.0
Min: 0.067626953125 Max: 0.904052734375
Min: 0.094482421875 Max: 0.878662109375
Min: 0.094482421875 Max: 0.878662109375
Min: 0.0 Max: 1.0
Min: 0.107421875 Max: 0.8701171875
Min: 0.114501953125 Max: 0.860107421875
Min: 0.114501953125 Max: 0.860107421875
Min: 0.0 Max: 1.0
Min: 0.1015625 Max: 0.89697265625
Min: 0.105224609375 Max: 0.892333984375
Min: 0.105224609375 Max: 0.892333984375
Min: 0.0 Max: 1.0
Min: 0.0 Max: 1.0
Min: 0.105224609375 Max: 0.82861328125
Min: 0.115478515625 Max: 0.825927734375
Min: 0.115478515625 Max: 0.825927734375
Min: 0.075927734375 Max: 0.848388671875
Min: 0.075927734375 Max: 0.848388671875
Min: 0.07275390625 Max: 0.849365234375
Min: 0.07275390625 Max: 0.849365234375
Min: 0.079345703125 Max: 0.857666015625
Min: 0.0791015625 Max: 0.844970703125
Min: 0.0791015625 Max: 0.844970703125
