Min: 0.0 Max: 1.0
Min: 0.0 Max: 1.0
Min: 0.0 Max: 1.0
Min: 0.0 Max: 1.0
Min: 0.0 Max: 1.0
Min: 0.0 Max: 1.0
Min: 0.0 Max: 0.9841617345809937
Min: 0.0 Max: 0.9850847721099854
Min: 0.0 Max: 1.0
Min: 0.0 Max: 1.0
Min: 0.0 Max: 1.0
Min: 0.0 Max: 1.0
Min: 0.0 Max: 1.0
Min: 0.0 Max: 1.0
Min: 0.0 Max: 1.0
Min: 0.0 Max: 0.9750101566314697
Min: 0.0 Max: 0.9731413125991821
Min: 0.0 Max: 0.9731413125991821
Min: 0.0 Max: 1.0
Min: 0.0 Max: 1.0
Min: 0.0 Max: 1.0
Min: 0.0 Max: 1.0
Min: 0.0 Max: 1.0
Min: 0.0 Max: 1.0
Min: 0.0 Max: 1.0
Min: 0.0 Max: 1.0
Min: 0.0 Max: 1.0
Min: 0.0 Max: 1.0
Min: 0.0 Max: 1.0
Min: 0.0 Max: 1.0
Min: 0.0 Max: 0.9652420878410339
Min: 0.0 Max: 0.9671224355697632
Min: 0.0 Max: 0.9671224355697632
Min: 0.0 Max: 1.0
Min: 0.0 Max: 1.0
Min: 0.004683554172515869 Max: 0.9759339094161987
Min: 0.005439579486846924 Max: 0.9710015058517456
Min: 0.005439579486846924 Max: 0.9710015058517456
Min: 0.0 Max: 1.0
Min: 0.0 Max: 1.0
Min: 0.0 Max: 1.0
Min: 0.0 Max: 1.0
Min: 0.0 Max: 1.0
Min: 0.0 Max: 1.0
Min: 0.0 Max: 1.0
Min: 0.002933293581008911 Max: 0.9732327461242676
Min: 0.001474916934967041 Max: 0.9747716188430786
Min: 0.001474916934967041 Max: 0.9747716188430786
Min: 0.0 Max: 1.0
Min: 0.0 Max: 1.0
Min: 0.0 Max: 0.9864487648010254
Min: 0.0 Max: 0.9859145283699036
Min: 0.0 Max: 0.9859145283699036
